#
# A fatal error has been detected by the Java Runtime Environment:
#
#  EXCEPTION_ACCESS_VIOLATION (0xc0000005) at pc=0x000000006fc38845, pid=5128, tid=17400
#
# JRE version: Java(TM) SE Runtime Environment (8.0_60-b27) (build 1.8.0_60-b27)
# Java VM: Java HotSpot(TM) 64-Bit Server VM (25.60-b23 mixed mode windows-amd64 compressed oops)
# Problematic frame:
# V  [jvm.dll+0x128845]
#
# Failed to write core dump. Minidumps are not enabled by default on client versions of Windows
#
# If you would like to submit a bug report, please visit:
#   http://bugreport.java.com/bugreport/crash.jsp
#

---------------  T H R E A D  ---------------

Current thread (0x0000000058bcb800):  JavaThread "JDWP Transport Listener: dt_socket" daemon [_thread_in_vm, id=17400, stack(0x00000000599c0000,0x0000000059ac0000)]

siginfo: ExceptionCode=0xc0000005, reading address 0x000000002a246174

Registers:
RAX=0x0000000059abf801, RBX=0x0000000058bcb800, RCX=0x000000002a246174, RDX=0x0000000000000000
RSP=0x0000000059abf810, RBP=0x000000002a246174, RSI=0x0000000059abf928, RDI=0x0000000000138e00
R8 =0x0000000058bcb800, R9 =0x000000000000ff00, R10=0x0000000000000000, R11=0x000014780018007b
R12=0x0000000000000000, R13=0x0000000058be1fb8, R14=0x0000000000000000, R15=0x0000000000000000
RIP=0x000000006fc38845, EFLAGS=0x0000000000010206

Top of Stack: (sp=0x0000000059abf810)
0x0000000059abf810:   0000000058bcb800 0000000058bcb800
0x0000000059abf820:   0000000059abf8d8 000000006fe3e18b
0x0000000059abf830:   0000000058bcb800 000000006fe5a9ed
0x0000000059abf840:   0000000000000000 000000005f109155
0x0000000059abf850:   0000000058c07e98 000000005f11291e
0x0000000059abf860:   0000000058bcb800 0000000000000000
0x0000000059abf870:   0000000000000000 0000000000000000
0x0000000059abf880:   000000002a246174 000000005f111a15
0x0000000059abf890:   0000000059abf928 0000000059abf900
0x0000000059abf8a0:   0000000000000001 0000000058c07e98
0x0000000059abf8b0:   000000002a246174 000000005f0f53b3
0x0000000059abf8c0:   0000000059abf9f0 0000000000000001
0x0000000059abf8d0:   0000000000000001 0000000058c07e98
0x0000000059abf8e0:   0000000000000009 0000000000000000
0x0000000059abf8f0:   0000000000000000 0000000000000000
0x0000000059abf900:   0000000000000001 000000005f0f5571 

Instructions: (pc=0x000000006fc38845)
0x000000006fc38825:   cc cc cc cc cc cc cc cc cc cc cc 48 83 ec 28 48
0x000000006fc38835:   85 c9 75 07 33 c0 48 83 c4 28 c3 48 89 5c 24 20
0x000000006fc38845:   48 8b 19 48 85 db 74 20 48 83 fb 37 74 1a 48 8b
0x000000006fc38855:   13 48 8b cb ff 52 10 84 c0 74 0d 48 8b c3 48 8b 


Register to memory mapping:

RAX=0x0000000059abf801 is pointing into the stack for thread: 0x0000000058bcb800
RBX=0x0000000058bcb800 is a thread
RCX=0x000000002a246174 is an unknown value
RDX=0x0000000000000000 is an unknown value
RSP=0x0000000059abf810 is pointing into the stack for thread: 0x0000000058bcb800
RBP=0x000000002a246174 is an unknown value
RSI=0x0000000059abf928 is pointing into the stack for thread: 0x0000000058bcb800
RDI=0x0000000000138e00 is an unknown value
R8 =0x0000000058bcb800 is a thread
R9 =0x000000000000ff00 is an unknown value
R10=0x0000000000000000 is an unknown value
R11=0x000014780018007b is an unknown value
R12=0x0000000000000000 is an unknown value
R13=0x0000000058be1fb8 is an unknown value
R14=0x0000000000000000 is an unknown value
R15=0x0000000000000000 is an unknown value


Stack: [0x00000000599c0000,0x0000000059ac0000],  sp=0x0000000059abf810,  free space=1022k
Native frames: (J=compiled Java code, j=interpreted, Vv=VM code, C=native code)
V  [jvm.dll+0x128845]
V  [jvm.dll+0x34a9ed]
C  [jdwp.dll+0x21a15]
C  [jdwp.dll+0x53b3]
C  [jdwp.dll+0x5571]
C  [jdwp.dll+0xf0a8]
C  [jdwp.dll+0x1f2d5]
C  [jdwp.dll+0x1f4aa]
V  [jvm.dll+0x1bb8e8]
V  [jvm.dll+0x243134]
V  [jvm.dll+0x299f6a]
C  [msvcr100.dll+0x21d9f]
C  [msvcr100.dll+0x21e3b]
C  [kernel32.dll+0x159cd]
C  [ntdll.dll+0x2a561]


---------------  P R O C E S S  ---------------

Java Threads: ( => current thread )
  0x0000000058c39000 JavaThread "Service Thread" daemon [_thread_blocked, id=17016, stack(0x000000005a200000,0x000000005a300000)]
  0x0000000058c12000 JavaThread "C1 CompilerThread2" daemon [_thread_blocked, id=16264, stack(0x0000000059e40000,0x0000000059f40000)]
  0x0000000058c0a800 JavaThread "C2 CompilerThread1" daemon [_thread_blocked, id=13252, stack(0x000000005a090000,0x000000005a190000)]
  0x0000000058c08800 JavaThread "C2 CompilerThread0" daemon [_thread_blocked, id=23168, stack(0x0000000059f50000,0x000000005a050000)]
  0x0000000058beb800 JavaThread "JDWP Command Reader" daemon [_thread_in_native, id=5900, stack(0x0000000059cf0000,0x0000000059df0000)]
  0x0000000058be5800 JavaThread "JDWP Event Helper Thread" daemon [_thread_blocked, id=12240, stack(0x0000000059b20000,0x0000000059c20000)]
=>0x0000000058bcb800 JavaThread "JDWP Transport Listener: dt_socket" daemon [_thread_in_vm, id=17400, stack(0x00000000599c0000,0x0000000059ac0000)]
  0x0000000058bc8800 JavaThread "Attach Listener" daemon [_thread_blocked, id=8868, stack(0x0000000059240000,0x0000000059340000)]
  0x0000000057731800 JavaThread "Signal Dispatcher" daemon [_thread_blocked, id=11256, stack(0x0000000059060000,0x0000000059160000)]
  0x00000000576d8800 JavaThread "Finalizer" daemon [_thread_blocked, id=13848, stack(0x0000000058ac0000,0x0000000058bc0000)]
  0x00000000576d1800 JavaThread "Reference Handler" daemon [_thread_blocked, id=13076, stack(0x00000000588f0000,0x00000000589f0000)]
  0x000000000013e800 JavaThread "main" [_thread_blocked, id=10732, stack(0x00000000028b0000,0x00000000029b0000)]

Other Threads:
  0x00000000576cc000 VMThread [stack: 0x0000000058700000,0x0000000058800000] [id=19048]
  0x0000000058cc6000 WatcherThread [stack: 0x000000005a4b0000,0x000000005a5b0000] [id=11096]

VM state:not at safepoint (normal execution)

VM Mutex/Monitor currently owned by a thread: None

Heap:
 PSYoungGen      total 38400K, used 5557K [0x00000000d5f00000, 0x00000000d8980000, 0x0000000100000000)
  eden space 33280K, 16% used [0x00000000d5f00000,0x00000000d646d7a0,0x00000000d7f80000)
  from space 5120K, 0% used [0x00000000d8480000,0x00000000d8480000,0x00000000d8980000)
  to   space 5120K, 0% used [0x00000000d7f80000,0x00000000d7f80000,0x00000000d8480000)
 ParOldGen       total 87552K, used 0K [0x0000000081c00000, 0x0000000087180000, 0x00000000d5f00000)
  object space 87552K, 0% used [0x0000000081c00000,0x0000000081c00000,0x0000000087180000)
 Metaspace       used 2756K, capacity 4568K, committed 4864K, reserved 1056768K
  class space    used 292K, capacity 392K, committed 512K, reserved 1048576K

Card table byte_map: [0x0000000011d70000,0x0000000012170000] byte_map_base: 0x0000000011962000

Marking Bits: (ParMarkBitMap*) 0x000000007031a5b0
 Begin Bits: [0x0000000012a20000, 0x00000000149b0000)
 End Bits:   [0x00000000149b0000, 0x0000000016940000)

Polling page: 0x0000000000120000

CodeCache: size=245760Kb used=1138Kb max_used=1151Kb free=244621Kb
 bounds [0x00000000029b0000, 0x0000000002c20000, 0x00000000119b0000]
 total_blobs=279 nmethods=52 adapters=148
 compilation: enabled

Compilation events (10 events):
Event: 22.176 Thread 0x0000000058c08800   48       4       java.lang.String::equals (81 bytes)
Event: 22.178 Thread 0x0000000058c12000   49       3       java.util.ArrayList::contains (14 bytes)
Event: 22.179 Thread 0x0000000058c12000 nmethod 49 0x0000000002acd6d0 code [0x0000000002acd840, 0x0000000002acda48]
Event: 22.183 Thread 0x0000000058c0a800   50 %     4       java.util.ArrayList::indexOf @ 36 (67 bytes)
Event: 22.190 Thread 0x0000000058c08800 nmethod 48 0x0000000002acdf50 code [0x0000000002ace0a0, 0x0000000002ace318]
Event: 22.201 Thread 0x0000000058c0a800 nmethod 50% 0x0000000002acb710 code [0x0000000002acb880, 0x0000000002acbfb8]
Event: 22.201 Thread 0x0000000058c08800   51       4       java.util.ArrayList::indexOf (67 bytes)
Event: 22.207 Thread 0x0000000058c08800 nmethod 51 0x0000000002acaf10 code [0x0000000002acb060, 0x0000000002acb598]
Event: 22.212 Thread 0x0000000058c0a800   52       4       java.util.ArrayList::contains (14 bytes)
Event: 22.219 Thread 0x0000000058c0a800 nmethod 52 0x0000000002ad0310 code [0x0000000002ad0460, 0x0000000002ad0a18]

GC Heap History (0 events):
No events

Deoptimization events (0 events):
No events

Internal exceptions (2 events):
Event: 0.140 Thread 0x000000000013e800 Exception <a 'java/lang/NoSuchMethodError': Method sun.misc.Unsafe.defineClass(Ljava/lang/String;[BII)Ljava/lang/Class; name or signature does not match> (0x00000000d5f13080) thrown at [C:\re\workspace\8-2-build-windows-amd64-cygwin\jdk8u60\4407\hotspot\sr.@YyAþÁ?
Event: 0.141 Thread 0x000000000013e800 Exception <a 'java/lang/NoSuchMethodError': Method sun.misc.Unsafe.prefetchRead(Ljava/lang/Object;J)V name or signature does not match> (0x00000000d5f13368) thrown at [C:\re\workspace\8-2-build-windows-amd64-cygwin\jdk8u60\4407\hotspot\src\share\vm\prims\j

Events (10 events):
Event: 1008.959 Executing VM operation: GetCurrentLocation
Event: 1008.959 Executing VM operation: GetCurrentLocation done
Event: 1008.959 Executing VM operation: ChangeSingleStep
Event: 1008.959 Executing VM operation: ChangeSingleStep done
Event: 1008.960 Executing VM operation: ChangeSingleStep
Event: 1008.960 Executing VM operation: ChangeSingleStep done
Event: 1013.697 Executing VM operation: RedefineClasses
Event: 1013.697 Executing VM operation: RedefineClasses done
Event: 1020.385 Executing VM operation: RedefineClasses
Event: 1020.385 Executing VM operation: RedefineClasses done


Dynamic libraries:
0x000000013f420000 - 0x000000013f457000 	C:\Program Files\Java\jdk1.8.0_60\bin\javaw.exe
0x0000000077a00000 - 0x0000000077baa000 	C:\Windows\SYSTEM32\ntdll.dll
0x00000000777a0000 - 0x00000000778bf000 	C:\Windows\system32\kernel32.dll
0x000007fefda20000 - 0x000007fefda8a000 	C:\Windows\system32\KERNELBASE.dll
0x000007fefeb20000 - 0x000007fefebfb000 	C:\Windows\system32\ADVAPI32.dll
0x000007fefe570000 - 0x000007fefe60f000 	C:\Windows\system32\msvcrt.dll
0x000007fefe220000 - 0x000007fefe23f000 	C:\Windows\SYSTEM32\sechost.dll
0x000007fefdd10000 - 0x000007fefde3d000 	C:\Windows\system32\RPCRT4.dll
0x00000000776a0000 - 0x000000007779a000 	C:\Windows\system32\USER32.dll
0x000007fefe370000 - 0x000007fefe3d7000 	C:\Windows\system32\GDI32.dll
0x000007fefe210000 - 0x000007fefe21e000 	C:\Windows\system32\LPK.dll
0x000007feffc40000 - 0x000007feffd0b000 	C:\Windows\system32\USP10.dll
0x000007fefc7b0000 - 0x000007fefc9a4000 	C:\Windows\WinSxS\amd64_microsoft.windows.common-controls_6595b64144ccf1df_6.0.7601.18837_none_fa3b1e3d17594757\COMCTL32.dll
0x000007fefe4f0000 - 0x000007fefe561000 	C:\Windows\system32\SHLWAPI.dll
0x000007fefedb0000 - 0x000007fefedde000 	C:\Windows\system32\IMM32.DLL
0x000007fefe3e0000 - 0x000007fefe4e9000 	C:\Windows\system32\MSCTF.dll
0x000000005f160000 - 0x000000005f232000 	C:\Program Files\Java\jdk1.8.0_60\jre\bin\msvcr100.dll
0x000000006fb10000 - 0x0000000070399000 	C:\Program Files\Java\jdk1.8.0_60\jre\bin\server\jvm.dll
0x000007fef93d0000 - 0x000007fef93d9000 	C:\Windows\system32\WSOCK32.dll
0x000007feffb70000 - 0x000007feffbbd000 	C:\Windows\system32\WS2_32.dll
0x000007fefeda0000 - 0x000007fefeda8000 	C:\Windows\system32\NSI.dll
0x000007fefdb30000 - 0x000007fefdb6b000 	C:\Windows\system32\WINMM.dll
0x000007fefc490000 - 0x000007fefc49c000 	C:\Windows\system32\VERSION.dll
0x0000000077bd0000 - 0x0000000077bd7000 	C:\Windows\system32\PSAPI.DLL
0x0000000062a90000 - 0x0000000062a9f000 	C:\Program Files\Java\jdk1.8.0_60\jre\bin\verify.dll
0x000000005f130000 - 0x000000005f159000 	C:\Program Files\Java\jdk1.8.0_60\jre\bin\java.dll
0x000000005f0f0000 - 0x000000005f125000 	C:\Program Files\Java\jdk1.8.0_60\jre\bin\jdwp.dll
0x0000000060f40000 - 0x0000000060f48000 	C:\Program Files\Java\jdk1.8.0_60\jre\bin\npt.dll
0x000000005f0d0000 - 0x000000005f0e6000 	C:\Program Files\Java\jdk1.8.0_60\jre\bin\zip.dll
0x000007fefede0000 - 0x000007feffb6b000 	C:\Windows\system32\SHELL32.dll
0x000007fefe890000 - 0x000007fefea8c000 	C:\Windows\system32\ole32.dll
0x000007fefd6e0000 - 0x000007fefd6ef000 	C:\Windows\system32\profapi.dll
0x0000000060990000 - 0x0000000060999000 	C:\Program Files\Java\jdk1.8.0_60\jre\bin\dt_socket.dll
0x000007fefb340000 - 0x000007fefb355000 	C:\Windows\system32\NLAapi.dll
0x000007fef5200000 - 0x000007fef5215000 	C:\Windows\system32\napinsp.dll
0x000007fef5220000 - 0x000007fef5239000 	C:\Windows\system32\pnrpnsp.dll
0x000007fefced0000 - 0x000007fefcf25000 	C:\Windows\System32\mswsock.dll
0x000007fefcd50000 - 0x000007fefcdab000 	C:\Windows\system32\DNSAPI.dll
0x000007fef51f0000 - 0x000007fef51fb000 	C:\Windows\System32\winrnr.dll
0x000007fef51e0000 - 0x000007fef51f0000 	C:\Windows\system32\wshbth.dll
0x0000000072af0000 - 0x0000000072b16000 	C:\Program Files\Bonjour\mdnsNSP.dll
0x000007fefaac0000 - 0x000007fefaae7000 	C:\Windows\system32\Iphlpapi.DLL
0x000007fefaaa0000 - 0x000007fefaaab000 	C:\Windows\system32\WINNSI.DLL
0x000007fefa950000 - 0x000007fefa9a3000 	C:\Windows\System32\fwpuclnt.dll
0x000007fef9ba0000 - 0x000007fef9ba8000 	C:\Windows\system32\rasadhlp.dll
0x000007fefc560000 - 0x000007fefc567000 	C:\Windows\System32\wshtcpip.dll
0x000007fef9a70000 - 0x000007fef9b95000 	C:\Windows\system32\dbghelp.dll

VM Arguments:
jvm_args: -agentlib:jdwp=transport=dt_socket,suspend=y,address=localhost:58788 -Dfile.encoding=UTF-8 
java_command: action.DeleteRepeatData
java_class_path (initial): C:\sts\qupeiyinRobot\bin;C:\sts\qupeiyinRobot\lib\cglib-nodep-3.2.4.jar;C:\sts\qupeiyinRobot\lib\client-combined-3.1.0-nodeps.jar;C:\sts\qupeiyinRobot\lib\commons-codec-1.10.jar;C:\sts\qupeiyinRobot\lib\commons-dbcp-1.4.jar;C:\sts\qupeiyinRobot\lib\commons-exec-1.3.jar;C:\sts\qupeiyinRobot\lib\commons-io-2.5.jar;C:\sts\qupeiyinRobot\lib\commons-lang3-3.4.jar;C:\sts\qupeiyinRobot\lib\commons-logging-1.2.jar;C:\sts\qupeiyinRobot\lib\commons-pool-1.5.4.jar;C:\sts\qupeiyinRobot\lib\cssparser-0.9.20.jar;C:\sts\qupeiyinRobot\lib\gson-2.3.1.jar;C:\sts\qupeiyinRobot\lib\guava-21.0.jar;C:\sts\qupeiyinRobot\lib\hamcrest-core-1.3.jar;C:\sts\qupeiyinRobot\lib\hamcrest-library-1.3.jar;C:\sts\qupeiyinRobot\lib\htmlunit-2.23.jar;C:\sts\qupeiyinRobot\lib\htmlunit-core-js-2.23.jar;C:\sts\qupeiyinRobot\lib\httpclient-4.5.2.jar;C:\sts\qupeiyinRobot\lib\httpcore-4.4.4.jar;C:\sts\qupeiyinRobot\lib\httpmime-4.5.2.jar;C:\sts\qupeiyinRobot\lib\javax.servlet-api-3.1.0.jar;C:\sts\qupeiyinRobot\lib\je-5.0.73.jar;C:\sts\qupeiyinRobot\lib\jetty-io-9.2.13.v20150730.jar;C:\sts\qupeiyinRobot\lib\jetty-util-9.2.13.v20150730.jar;C:\sts\qupeiyinRobot\lib\jna-4.1.0.jar;C:\sts\qupeiyinRobot\lib\jna-platform-4.1.0.jar;C:\sts\qupeiyinRobot\lib\json-20140107.jar;C:\sts\qupeiyinRobot\lib\jsoup-1.9.2.jar;C:\sts\qupeiyinRobot\lib\junit-4.11.jar;C:\sts\qupeiyinRobot\lib\junit-4.12.jar;C:\sts\qupeiyinRobot\lib\juniversalchardet-1.0.3.jar;C:\sts\qupeiyinRobot\lib\log4j-1.2.17.jar;C:\sts\qupeiyinRobot\lib\mysql-connector-java-5.1.40.jar;C:\sts\qupeiyinRobot\lib\neko-htmlunit-2.23.jar;C:\sts\qupeiyinRobot\lib\phantomjsdriver-1.3.0.jar;C:\sts\qupeiyinRobot\lib\sac-1.3.jar;C:\sts\qupeiyinRobot\lib\serializer-2.7.2.jar;C:\sts\qupeiyinRobot\lib\slf4j-api-1.7.21.jar;C:\sts\qupeiyinRobot\lib\slf4j-log4j12-1.7.21.jar;C:\sts\qupeiyinRobot\lib\spring-beans-4.3.5.RELEASE.jar;C:\sts\qupeiyinRobot\lib\spring-core-4.3.5.RELEASE.jar;C:\sts\qupeiyinRobot\lib\spring-jdbc-4.3.5.RELEASE.jar;C:\sts\qupe
Launcher Type: SUN_STANDARD

Environment Variables:
PATH=C:\Program Files\Java\jdk1.8.0_60\jre\bin;C:\ProgramData\Oracle\Java\javapath;C:\Windows\system32;C:\Windows;C:\Windows\System32\Wbem;C:\Windows\System32\WindowsPowerShell\v1.0\;C:\Program Files (x86)\Intel\OpenCL SDK\2.0\bin\x86;C:\Program Files (x86)\Intel\OpenCL SDK\2.0\bin\x64;C:\Program Files\ThinkPad\Bluetooth Software\;C:\Program Files\ThinkPad\Bluetooth Software\syswow64;C:\Program Files\nodejs\;C:\Program Files (x86)\Oracle\Instant Client\bin;C:\Program Files\TortoiseSVN\bin;C:\Users\Administrator\AppData\Roaming\npm
USERNAME=Administrator
OS=Windows_NT
PROCESSOR_IDENTIFIER=Intel64 Family 6 Model 42 Stepping 7, GenuineIntel



---------------  S Y S T E M  ---------------

OS: Windows 7 , 64 bit Build 7601 (6.1.7601.23864)

CPU:total 4 (2 cores per cpu, 2 threads per core) family 6 model 42 stepping 7, cmov, cx8, fxsr, mmx, sse, sse2, sse3, ssse3, sse4.1, sse4.2, popcnt, avx, aes, clmul, ht, tsc, tscinvbit

Memory: 4k page, physical 8269040k(2937828k free), swap 16536220k(9288976k free)

vm_info: Java HotSpot(TM) 64-Bit Server VM (25.60-b23) for windows-amd64 JRE (1.8.0_60-b27), built on Aug  4 2015 11:06:27 by "java_re" with MS VC++ 10.0 (VS2010)

time: Fri Aug 25 10:38:22 2017
elapsed time: 1020 seconds (0d 0h 17m 0s)

