2017-09-07 13:24:57   INFO JedisPoolUtils:29 -始初始化redis连接...
2017-09-07 13:24:57   INFO JedisPoolUtils:31 -初始化redis连接池...
2017-09-07 13:24:58   INFO WeiXinDataSpider:206 --------mssxye------
2017-09-07 13:24:58   INFO WeiXinDataSpider:93 ---WeiXinDataSpider--第--1--页数据----
2017-09-07 13:24:59   INFO WeiXinDataSpider:115 -----第--1--条数据----
2017-09-07 13:25:01   INFO WeiXinDataSpider:115 -----第--2--条数据----
2017-09-07 13:25:01   INFO WeiXinDataSpider:115 -----第--3--条数据----
2017-09-07 13:25:03   INFO WeiXinDataSpider:115 -----第--4--条数据----
2017-09-07 13:25:03   INFO WeiXinDataSpider:115 -----第--5--条数据----
2017-09-07 13:25:05   INFO WeiXinDataSpider:115 -----第--6--条数据----
2017-09-07 13:25:05   INFO WeiXinDataSpider:115 -----第--7--条数据----
2017-09-07 13:25:07   INFO WeiXinDataSpider:115 -----第--8--条数据----
2017-09-07 13:25:07   INFO WeiXinDataSpider:115 -----第--9--条数据----
2017-09-07 13:25:09   INFO WeiXinDataSpider:115 -----第--10--条数据----
2017-09-07 13:25:09   INFO WeiXinDataSpider:93 ---WeiXinDataSpider--第--2--页数据----
2017-09-07 13:25:13   INFO WeiXinDataSpider:115 -----第--1--条数据----
2017-09-07 13:25:15   INFO WeiXinDataSpider:115 -----第--2--条数据----
2017-09-07 13:25:16   INFO WeiXinDataSpider:115 -----第--3--条数据----
2017-09-07 13:25:18   INFO WeiXinDataSpider:115 -----第--4--条数据----
2017-09-07 13:25:18   INFO WeiXinDataSpider:115 -----第--5--条数据----
2017-09-07 13:25:20   INFO WeiXinDataSpider:115 -----第--6--条数据----
2017-09-07 13:25:20   INFO WeiXinDataSpider:115 -----第--7--条数据----
2017-09-07 13:25:22   INFO WeiXinDataSpider:115 -----第--8--条数据----
2017-09-07 13:25:22   INFO WeiXinDataSpider:115 -----第--9--条数据----
2017-09-07 13:25:24   INFO WeiXinDataSpider:115 -----第--10--条数据----
2017-09-07 13:25:24   INFO WeiXinDataSpider:93 ---WeiXinDataSpider--第--3--页数据----
2017-09-07 13:25:24   INFO WeiXinDataSpider:115 -----第--1--条数据----
2017-09-07 13:25:26   INFO WeiXinDataSpider:115 -----第--2--条数据----
2017-09-07 13:25:26   INFO WeiXinDataSpider:115 -----第--3--条数据----
2017-09-07 13:25:28   INFO WeiXinDataSpider:115 -----第--4--条数据----
2017-09-07 13:25:28   INFO WeiXinDataSpider:115 -----第--5--条数据----
2017-09-07 13:25:31   INFO WeiXinDataSpider:115 -----第--6--条数据----
2017-09-07 13:25:31   INFO WeiXinDataSpider:115 -----第--7--条数据----
2017-09-07 13:25:33   INFO WeiXinDataSpider:115 -----第--8--条数据----
2017-09-07 13:25:33   INFO WeiXinDataSpider:115 -----第--9--条数据----
2017-09-07 13:25:35   INFO WeiXinDataSpider:115 -----第--10--条数据----
2017-09-07 13:25:35   INFO WeiXinDataSpider:93 ---WeiXinDataSpider--第--4--页数据----
2017-09-07 13:25:39   INFO WeiXinDataSpider:115 -----第--1--条数据----
2017-09-07 13:25:41   INFO WeiXinDataSpider:115 -----第--2--条数据----
2017-09-07 13:25:41   INFO WeiXinDataSpider:115 -----第--3--条数据----
2017-09-07 13:25:43   INFO WeiXinDataSpider:115 -----第--4--条数据----
2017-09-07 13:25:43   INFO WeiXinDataSpider:115 -----第--5--条数据----
2017-09-07 13:25:45   INFO WeiXinDataSpider:115 -----第--6--条数据----
2017-09-07 13:25:45   INFO WeiXinDataSpider:115 -----第--7--条数据----
2017-09-07 13:25:47   INFO WeiXinDataSpider:115 -----第--8--条数据----
2017-09-07 13:25:47   INFO WeiXinDataSpider:115 -----第--9--条数据----
2017-09-07 13:25:50   INFO WeiXinDataSpider:115 -----第--10--条数据----
2017-09-07 13:25:50   INFO WeiXinDataSpider:93 ---WeiXinDataSpider--第--5--页数据----
2017-09-07 13:25:50   INFO WeiXinDataSpider:115 -----第--1--条数据----
2017-09-07 13:25:52   INFO WeiXinDataSpider:115 -----第--2--条数据----
2017-09-07 13:25:52   INFO WeiXinDataSpider:115 -----第--3--条数据----
2017-09-07 13:25:54   INFO WeiXinDataSpider:115 -----第--4--条数据----
2017-09-07 13:25:54   INFO WeiXinDataSpider:115 -----第--5--条数据----
2017-09-07 13:25:56   INFO WeiXinDataSpider:115 -----第--6--条数据----
2017-09-07 13:25:56   INFO WeiXinDataSpider:115 -----第--7--条数据----
2017-09-07 13:25:58   INFO WeiXinDataSpider:115 -----第--8--条数据----
2017-09-07 13:25:58   INFO WeiXinDataSpider:115 -----第--9--条数据----
2017-09-07 13:26:00   INFO WeiXinDataSpider:115 -----第--10--条数据----
2017-09-07 13:26:00   INFO WeiXinDataSpider:93 ---WeiXinDataSpider--第--6--页数据----
2017-09-07 13:26:05   INFO WeiXinDataSpider:115 -----第--1--条数据----
2017-09-07 13:26:07   INFO WeiXinDataSpider:115 -----第--2--条数据----
2017-09-07 13:26:07   INFO WeiXinDataSpider:115 -----第--3--条数据----
2017-09-07 13:26:09   INFO WeiXinDataSpider:115 -----第--4--条数据----
2017-09-07 13:26:09   INFO WeiXinDataSpider:115 -----第--5--条数据----
2017-09-07 13:26:11   INFO WeiXinDataSpider:115 -----第--6--条数据----
2017-09-07 13:26:11   INFO WeiXinDataSpider:115 -----第--7--条数据----
2017-09-07 13:26:13   INFO WeiXinDataSpider:115 -----第--8--条数据----
2017-09-07 13:26:13   INFO WeiXinDataSpider:115 -----第--9--条数据----
2017-09-07 13:26:15   INFO WeiXinDataSpider:115 -----第--10--条数据----
2017-09-07 13:26:15   INFO WeiXinDataSpider:93 ---WeiXinDataSpider--第--7--页数据----
2017-09-07 13:26:15   INFO WeiXinDataSpider:115 -----第--1--条数据----
2017-09-07 13:26:18   INFO WeiXinDataSpider:115 -----第--2--条数据----
2017-09-07 13:26:18   INFO WeiXinDataSpider:115 -----第--3--条数据----
2017-09-07 13:26:20   INFO WeiXinDataSpider:115 -----第--4--条数据----
2017-09-07 13:26:20   INFO WeiXinDataSpider:115 -----第--5--条数据----
2017-09-07 13:26:22   INFO WeiXinDataSpider:115 -----第--6--条数据----
2017-09-07 13:26:22   INFO WeiXinDataSpider:115 -----第--7--条数据----
2017-09-07 13:26:24   INFO WeiXinDataSpider:115 -----第--8--条数据----
2017-09-07 13:26:24   INFO WeiXinDataSpider:115 -----第--9--条数据----
2017-09-07 13:26:26   INFO WeiXinDataSpider:115 -----第--10--条数据----
2017-09-07 13:26:26   INFO WeiXinDataSpider:93 ---WeiXinDataSpider--第--8--页数据----
2017-09-07 13:26:30   INFO WeiXinDataSpider:115 -----第--1--条数据----
2017-09-07 13:26:32   INFO WeiXinDataSpider:115 -----第--2--条数据----
2017-09-07 13:26:32   INFO WeiXinDataSpider:115 -----第--3--条数据----
2017-09-07 13:26:34   INFO WeiXinDataSpider:115 -----第--4--条数据----
2017-09-07 13:26:34   INFO WeiXinDataSpider:115 -----第--5--条数据----
2017-09-07 13:26:37   INFO WeiXinDataSpider:115 -----第--6--条数据----
2017-09-07 13:26:37   INFO WeiXinDataSpider:115 -----第--7--条数据----
2017-09-07 13:26:39   INFO WeiXinDataSpider:115 -----第--8--条数据----
2017-09-07 13:26:39   INFO WeiXinDataSpider:115 -----第--9--条数据----
2017-09-07 13:26:41   INFO WeiXinDataSpider:115 -----第--10--条数据----
2017-09-07 13:26:41   INFO WeiXinDataSpider:93 ---WeiXinDataSpider--第--9--页数据----
2017-09-07 13:26:41   INFO WeiXinDataSpider:115 -----第--1--条数据----
2017-09-07 13:26:43   INFO WeiXinDataSpider:115 -----第--2--条数据----
2017-09-07 13:26:43   INFO WeiXinDataSpider:115 -----第--3--条数据----
2017-09-07 13:26:45   INFO WeiXinDataSpider:115 -----第--4--条数据----
2017-09-07 13:26:45   INFO WeiXinDataSpider:115 -----第--5--条数据----
2017-09-07 13:26:47   INFO WeiXinDataSpider:115 -----第--6--条数据----
2017-09-07 13:26:47   INFO WeiXinDataSpider:115 -----第--7--条数据----
2017-09-07 13:26:49   INFO WeiXinDataSpider:115 -----第--8--条数据----
2017-09-07 13:26:49   INFO WeiXinDataSpider:115 -----第--9--条数据----
2017-09-07 13:26:51   INFO WeiXinDataSpider:115 -----第--10--条数据----
2017-09-07 13:26:51   INFO WeiXinDataSpider:93 ---WeiXinDataSpider--第--10--页数据----
2017-09-07 13:26:56   INFO WeiXinDataSpider:115 -----第--1--条数据----
2017-09-07 13:26:58   INFO WeiXinDataSpider:115 -----第--2--条数据----
2017-09-07 13:26:58   INFO WeiXinDataSpider:115 -----第--3--条数据----
2017-09-07 13:27:00   INFO WeiXinDataSpider:115 -----第--4--条数据----
2017-09-07 13:27:00   INFO WeiXinDataSpider:115 -----第--5--条数据----
2017-09-07 13:27:02   INFO WeiXinDataSpider:115 -----第--6--条数据----
2017-09-07 13:27:02   INFO WeiXinDataSpider:115 -----第--7--条数据----
2017-09-07 13:27:04   INFO WeiXinDataSpider:115 -----第--8--条数据----
2017-09-07 13:27:04   INFO WeiXinDataSpider:115 -----第--9--条数据----
2017-09-07 13:27:06   INFO WeiXinDataSpider:115 -----第--10--条数据----
2017-09-07 13:27:06   INFO WeiXinDataSpider:206 --------aiqinggs------
2017-09-07 13:27:06   INFO WeiXinDataSpider:93 ---WeiXinDataSpider--第--1--页数据----
2017-09-07 13:27:07   INFO WeiXinDataSpider:115 -----第--1--条数据----
2017-09-07 13:27:12   INFO WeiXinDataSpider:115 -----第--2--条数据----
2017-09-07 13:27:14   INFO WeiXinDataSpider:115 -----第--3--条数据----
2017-09-07 13:27:16   INFO WeiXinDataSpider:115 -----第--4--条数据----
2017-09-07 13:27:16   INFO WeiXinDataSpider:115 -----第--5--条数据----
2017-09-07 13:28:50   INFO WeiXinDataSpider:115 -----第--6--条数据----
2017-09-07 13:28:52   INFO WeiXinDataSpider:115 -----第--7--条数据----
2017-09-07 13:28:56   INFO WeiXinDataSpider:115 -----第--8--条数据----
2017-09-07 13:28:56   INFO WeiXinDataSpider:115 -----第--9--条数据----
2017-09-07 13:28:58   INFO WeiXinDataSpider:115 -----第--10--条数据----
2017-09-07 13:29:16   INFO WeiXinDataSpider:93 ---WeiXinDataSpider--第--2--页数据----
2017-09-07 13:29:20   INFO WeiXinDataSpider:115 -----第--1--条数据----
2017-09-07 13:29:22   INFO WeiXinDataSpider:115 -----第--2--条数据----
2017-09-07 13:29:32   INFO WeiXinDataSpider:115 -----第--3--条数据----
2017-09-07 13:29:39   INFO WeiXinDataSpider:115 -----第--4--条数据----
2017-09-07 13:29:39   INFO WeiXinDataSpider:115 -----第--5--条数据----
2017-09-07 13:29:49   INFO WeiXinDataSpider:115 -----第--6--条数据----
2017-09-07 13:29:49   INFO WeiXinDataSpider:115 -----第--7--条数据----
2017-09-07 13:29:51   INFO WeiXinDataSpider:115 -----第--8--条数据----
2017-09-07 13:29:51   INFO WeiXinDataSpider:115 -----第--9--条数据----
2017-09-07 13:29:55   INFO WeiXinDataSpider:115 -----第--10--条数据----
2017-09-07 13:29:55   INFO WeiXinDataSpider:93 ---WeiXinDataSpider--第--3--页数据----
2017-09-07 13:29:55   INFO WeiXinDataSpider:115 -----第--1--条数据----
2017-09-07 13:29:57   INFO WeiXinDataSpider:115 -----第--2--条数据----
2017-09-07 13:29:57   INFO WeiXinDataSpider:115 -----第--3--条数据----
2017-09-07 13:30:00   INFO WeiXinDataSpider:115 -----第--4--条数据----
2017-09-07 13:30:00   INFO WeiXinDataSpider:115 -----第--5--条数据----
2017-09-07 13:30:02   INFO WeiXinDataSpider:115 -----第--6--条数据----
2017-09-07 13:30:02   INFO WeiXinDataSpider:115 -----第--7--条数据----
2017-09-07 13:30:04   INFO WeiXinDataSpider:115 -----第--8--条数据----
2017-09-07 13:30:04   INFO WeiXinDataSpider:115 -----第--9--条数据----
2017-09-07 13:30:25   INFO WeiXinDataSpider:115 -----第--10--条数据----
2017-09-07 13:30:25   INFO WeiXinDataSpider:93 ---WeiXinDataSpider--第--4--页数据----
2017-09-07 13:30:29   INFO WeiXinDataSpider:115 -----第--1--条数据----
2017-09-07 13:30:31   INFO WeiXinDataSpider:115 -----第--2--条数据----
2017-09-07 13:30:31   INFO WeiXinDataSpider:115 -----第--3--条数据----
2017-09-07 13:30:33   INFO WeiXinDataSpider:115 -----第--4--条数据----
2017-09-07 13:30:33   INFO WeiXinDataSpider:115 -----第--5--条数据----
2017-09-07 13:30:35   INFO WeiXinDataSpider:115 -----第--6--条数据----
2017-09-07 13:30:42   INFO WeiXinDataSpider:115 -----第--7--条数据----
2017-09-07 13:30:44   INFO WeiXinDataSpider:115 -----第--8--条数据----
2017-09-07 13:30:44   INFO WeiXinDataSpider:115 -----第--9--条数据----
2017-09-07 13:30:46   INFO WeiXinDataSpider:115 -----第--10--条数据----
2017-09-07 13:30:46   INFO WeiXinDataSpider:93 ---WeiXinDataSpider--第--5--页数据----
2017-09-07 13:30:46   INFO WeiXinDataSpider:115 -----第--1--条数据----
2017-09-07 13:30:48   INFO WeiXinDataSpider:115 -----第--2--条数据----
2017-09-07 13:30:48   INFO WeiXinDataSpider:115 -----第--3--条数据----
2017-09-07 13:30:56   INFO WeiXinDataSpider:115 -----第--4--条数据----
2017-09-07 13:30:59   INFO WeiXinDataSpider:115 -----第--5--条数据----
2017-09-07 13:31:01   INFO WeiXinDataSpider:115 -----第--6--条数据----
2017-09-07 13:31:01   INFO WeiXinDataSpider:115 -----第--7--条数据----
2017-09-07 13:31:07   INFO WeiXinDataSpider:115 -----第--8--条数据----
2017-09-07 13:31:10   INFO WeiXinDataSpider:115 -----第--9--条数据----
2017-09-07 13:31:16   INFO WeiXinDataSpider:115 -----第--10--条数据----
2017-09-07 13:31:16   INFO WeiXinDataSpider:93 ---WeiXinDataSpider--第--6--页数据----
2017-09-07 13:31:20   INFO WeiXinDataSpider:115 -----第--1--条数据----
2017-09-07 13:31:22   INFO WeiXinDataSpider:115 -----第--2--条数据----
2017-09-07 13:31:24   INFO WeiXinDataSpider:115 -----第--3--条数据----
2017-09-07 13:31:26   INFO WeiXinDataSpider:115 -----第--4--条数据----
2017-09-07 13:31:26   INFO WeiXinDataSpider:115 -----第--5--条数据----
2017-09-07 13:31:51   INFO WeiXinDataSpider:115 -----第--6--条数据----
2017-09-07 13:32:42   INFO WeiXinDataSpider:115 -----第--7--条数据----
2017-09-07 13:32:44   INFO WeiXinDataSpider:115 -----第--8--条数据----
2017-09-07 13:32:46   INFO WeiXinDataSpider:115 -----第--9--条数据----
2017-09-07 13:32:48   INFO WeiXinDataSpider:115 -----第--10--条数据----
2017-09-07 13:32:48   INFO WeiXinDataSpider:93 ---WeiXinDataSpider--第--7--页数据----
2017-09-07 13:32:48   INFO WeiXinDataSpider:115 -----第--1--条数据----
2017-09-07 13:32:50   INFO WeiXinDataSpider:115 -----第--2--条数据----
2017-09-07 13:32:50   INFO WeiXinDataSpider:115 -----第--3--条数据----
2017-09-07 13:32:52   INFO WeiXinDataSpider:115 -----第--4--条数据----
2017-09-07 13:33:38   INFO WeiXinDataSpider:115 -----第--5--条数据----
2017-09-07 13:33:40   INFO WeiXinDataSpider:115 -----第--6--条数据----
2017-09-07 13:33:40   INFO WeiXinDataSpider:115 -----第--7--条数据----
2017-09-07 13:33:42   INFO WeiXinDataSpider:115 -----第--8--条数据----
2017-09-07 13:33:42   INFO WeiXinDataSpider:115 -----第--9--条数据----
2017-09-07 13:33:46   INFO WeiXinDataSpider:115 -----第--10--条数据----
2017-09-07 13:33:46   INFO WeiXinDataSpider:93 ---WeiXinDataSpider--第--8--页数据----
2017-09-07 13:33:50   INFO WeiXinDataSpider:115 -----第--1--条数据----
2017-09-07 13:34:20   INFO WeiXinDataSpider:115 -----第--2--条数据----
2017-09-07 13:34:20   INFO WeiXinDataSpider:115 -----第--3--条数据----
2017-09-07 13:34:22   INFO WeiXinDataSpider:115 -----第--4--条数据----
2017-09-07 13:34:22   INFO WeiXinDataSpider:115 -----第--5--条数据----
2017-09-07 13:34:24   INFO WeiXinDataSpider:115 -----第--6--条数据----
2017-09-07 13:34:24   INFO WeiXinDataSpider:115 -----第--7--条数据----
2017-09-07 13:34:26   INFO WeiXinDataSpider:115 -----第--8--条数据----
2017-09-07 13:34:26   INFO WeiXinDataSpider:115 -----第--9--条数据----
2017-09-07 13:34:28   INFO WeiXinDataSpider:115 -----第--10--条数据----
2017-09-07 13:34:28   INFO WeiXinDataSpider:93 ---WeiXinDataSpider--第--9--页数据----
2017-09-07 13:34:29   INFO WeiXinDataSpider:115 -----第--1--条数据----
2017-09-07 13:34:31   INFO WeiXinDataSpider:115 -----第--2--条数据----
2017-09-07 13:34:31   INFO WeiXinDataSpider:115 -----第--3--条数据----
2017-09-07 13:34:33   INFO WeiXinDataSpider:115 -----第--4--条数据----
2017-09-07 13:34:41   INFO WeiXinDataSpider:115 -----第--5--条数据----
2017-09-07 13:34:43   INFO WeiXinDataSpider:115 -----第--6--条数据----
2017-09-07 13:34:43   INFO WeiXinDataSpider:115 -----第--7--条数据----
2017-09-07 13:34:45   INFO WeiXinDataSpider:115 -----第--8--条数据----
2017-09-07 13:34:46   INFO WeiXinDataSpider:115 -----第--9--条数据----
2017-09-07 13:34:48   INFO WeiXinDataSpider:115 -----第--10--条数据----
2017-09-07 13:34:48   INFO WeiXinDataSpider:93 ---WeiXinDataSpider--第--10--页数据----
2017-09-07 13:34:52   INFO WeiXinDataSpider:115 -----第--1--条数据----
2017-09-07 13:34:54   INFO WeiXinDataSpider:115 -----第--2--条数据----
2017-09-07 13:34:54   INFO WeiXinDataSpider:115 -----第--3--条数据----
2017-09-07 13:34:56   INFO WeiXinDataSpider:115 -----第--4--条数据----
2017-09-07 13:34:56   INFO WeiXinDataSpider:115 -----第--5--条数据----
2017-09-07 13:34:58   INFO WeiXinDataSpider:115 -----第--6--条数据----
2017-09-07 13:35:29   INFO WeiXinDataSpider:115 -----第--7--条数据----
2017-09-07 13:35:32   INFO WeiXinDataSpider:115 -----第--8--条数据----
2017-09-07 13:35:32   INFO WeiXinDataSpider:115 -----第--9--条数据----
2017-09-07 13:35:34   INFO WeiXinDataSpider:115 -----第--10--条数据----
2017-09-07 13:35:34   INFO WeiXinDataSpider:206 --------jfss222------
2017-09-07 13:35:34   INFO WeiXinDataSpider:93 ---WeiXinDataSpider--第--1--页数据----
2017-09-07 13:35:34   INFO WeiXinDataSpider:115 -----第--1--条数据----
2017-09-07 13:35:36   INFO WeiXinDataSpider:115 -----第--2--条数据----
2017-09-07 13:35:36   INFO WeiXinDataSpider:115 -----第--3--条数据----
2017-09-07 13:35:38   INFO WeiXinDataSpider:115 -----第--4--条数据----
2017-09-07 13:35:38   INFO WeiXinDataSpider:115 -----第--5--条数据----
2017-09-07 13:35:40   INFO WeiXinDataSpider:115 -----第--6--条数据----
2017-09-07 13:35:40   INFO WeiXinDataSpider:115 -----第--7--条数据----
2017-09-07 13:35:43   INFO WeiXinDataSpider:115 -----第--8--条数据----
2017-09-07 13:35:43   INFO WeiXinDataSpider:115 -----第--9--条数据----
2017-09-07 13:35:45   INFO WeiXinDataSpider:115 -----第--10--条数据----
2017-09-07 13:35:45   INFO WeiXinDataSpider:93 ---WeiXinDataSpider--第--2--页数据----
2017-09-07 13:35:49   INFO WeiXinDataSpider:115 -----第--1--条数据----
2017-09-07 13:35:51   INFO WeiXinDataSpider:115 -----第--2--条数据----
2017-09-07 13:35:51   INFO WeiXinDataSpider:115 -----第--3--条数据----
2017-09-07 13:35:53   INFO WeiXinDataSpider:115 -----第--4--条数据----
2017-09-07 13:35:53   INFO WeiXinDataSpider:115 -----第--5--条数据----
2017-09-07 13:35:55   INFO WeiXinDataSpider:115 -----第--6--条数据----
2017-09-07 13:35:55   INFO WeiXinDataSpider:115 -----第--7--条数据----
2017-09-07 13:35:57   INFO WeiXinDataSpider:115 -----第--8--条数据----
2017-09-07 13:35:58   INFO WeiXinDataSpider:115 -----第--9--条数据----
2017-09-07 13:36:00   INFO WeiXinDataSpider:115 -----第--10--条数据----
2017-09-07 13:36:00   INFO WeiXinDataSpider:93 ---WeiXinDataSpider--第--3--页数据----
2017-09-07 13:36:00   INFO WeiXinDataSpider:115 -----第--1--条数据----
2017-09-07 13:36:02   INFO WeiXinDataSpider:115 -----第--2--条数据----
2017-09-07 13:36:02   INFO WeiXinDataSpider:115 -----第--3--条数据----
2017-09-07 13:36:04   INFO WeiXinDataSpider:115 -----第--4--条数据----
2017-09-07 13:36:04   INFO WeiXinDataSpider:115 -----第--5--条数据----
2017-09-07 13:36:07   INFO WeiXinDataSpider:115 -----第--6--条数据----
2017-09-07 13:36:07   INFO WeiXinDataSpider:115 -----第--7--条数据----
2017-09-07 13:36:09   INFO WeiXinDataSpider:115 -----第--8--条数据----
2017-09-07 13:36:09   INFO WeiXinDataSpider:115 -----第--9--条数据----
2017-09-07 13:36:11   INFO WeiXinDataSpider:115 -----第--10--条数据----
2017-09-07 13:36:11   INFO WeiXinDataSpider:93 ---WeiXinDataSpider--第--4--页数据----
2017-09-07 13:36:15   INFO WeiXinDataSpider:115 -----第--1--条数据----
2017-09-07 13:36:18   INFO WeiXinDataSpider:115 -----第--2--条数据----
2017-09-07 13:36:18   INFO WeiXinDataSpider:115 -----第--3--条数据----
2017-09-07 13:36:20   INFO WeiXinDataSpider:115 -----第--4--条数据----
2017-09-07 13:36:20   INFO WeiXinDataSpider:115 -----第--5--条数据----
2017-09-07 13:36:22   INFO WeiXinDataSpider:115 -----第--6--条数据----
2017-09-07 13:36:22   INFO WeiXinDataSpider:115 -----第--7--条数据----
2017-09-07 13:36:24   INFO WeiXinDataSpider:115 -----第--8--条数据----
2017-09-07 13:36:24   INFO WeiXinDataSpider:115 -----第--9--条数据----
2017-09-07 13:36:26   INFO WeiXinDataSpider:115 -----第--10--条数据----
2017-09-07 13:36:26   INFO WeiXinDataSpider:93 ---WeiXinDataSpider--第--5--页数据----
2017-09-07 13:36:26   INFO WeiXinDataSpider:115 -----第--1--条数据----
2017-09-07 13:36:28   INFO WeiXinDataSpider:115 -----第--2--条数据----
2017-09-07 13:36:28   INFO WeiXinDataSpider:115 -----第--3--条数据----
2017-09-07 13:36:31   INFO WeiXinDataSpider:115 -----第--4--条数据----
2017-09-07 13:36:31   INFO WeiXinDataSpider:115 -----第--5--条数据----
2017-09-07 13:36:33   INFO WeiXinDataSpider:115 -----第--6--条数据----
2017-09-07 13:36:33   INFO WeiXinDataSpider:115 -----第--7--条数据----
2017-09-07 13:36:35   INFO WeiXinDataSpider:115 -----第--8--条数据----
2017-09-07 13:36:35   INFO WeiXinDataSpider:115 -----第--9--条数据----
2017-09-07 13:36:37   INFO WeiXinDataSpider:115 -----第--10--条数据----
2017-09-07 13:36:37   INFO WeiXinDataSpider:93 ---WeiXinDataSpider--第--6--页数据----
2017-09-07 13:36:41   INFO WeiXinDataSpider:115 -----第--1--条数据----
2017-09-07 13:36:43   INFO WeiXinDataSpider:115 -----第--2--条数据----
2017-09-07 13:36:43   INFO WeiXinDataSpider:115 -----第--3--条数据----
2017-09-07 13:36:45   INFO WeiXinDataSpider:115 -----第--4--条数据----
2017-09-07 13:36:45   INFO WeiXinDataSpider:115 -----第--5--条数据----
2017-09-07 13:36:48   INFO WeiXinDataSpider:115 -----第--6--条数据----
2017-09-07 13:36:48   INFO WeiXinDataSpider:115 -----第--7--条数据----
2017-09-07 13:36:50   INFO WeiXinDataSpider:115 -----第--8--条数据----
2017-09-07 13:36:50   INFO WeiXinDataSpider:115 -----第--9--条数据----
2017-09-07 13:36:52   INFO WeiXinDataSpider:115 -----第--10--条数据----
2017-09-07 13:36:52   INFO WeiXinDataSpider:93 ---WeiXinDataSpider--第--7--页数据----
2017-09-07 13:36:52   INFO WeiXinDataSpider:115 -----第--1--条数据----
2017-09-07 13:36:54   INFO WeiXinDataSpider:115 -----第--2--条数据----
2017-09-07 13:36:54   INFO WeiXinDataSpider:115 -----第--3--条数据----
2017-09-07 13:36:56   INFO WeiXinDataSpider:115 -----第--4--条数据----
2017-09-07 13:36:57   INFO WeiXinDataSpider:115 -----第--5--条数据----
2017-09-07 13:36:59   INFO WeiXinDataSpider:115 -----第--6--条数据----
2017-09-07 13:36:59   INFO WeiXinDataSpider:115 -----第--7--条数据----
2017-09-07 13:37:01   INFO WeiXinDataSpider:115 -----第--8--条数据----
2017-09-07 13:37:01   INFO WeiXinDataSpider:115 -----第--9--条数据----
2017-09-07 13:37:03   INFO WeiXinDataSpider:115 -----第--10--条数据----
2017-09-07 13:37:03   INFO WeiXinDataSpider:93 ---WeiXinDataSpider--第--8--页数据----
2017-09-07 13:37:07   INFO WeiXinDataSpider:115 -----第--1--条数据----
2017-09-07 13:37:09   INFO WeiXinDataSpider:115 -----第--2--条数据----
2017-09-07 13:37:09   INFO WeiXinDataSpider:115 -----第--3--条数据----
2017-09-07 13:37:11   INFO WeiXinDataSpider:115 -----第--4--条数据----
2017-09-07 13:37:12   INFO WeiXinDataSpider:115 -----第--5--条数据----
2017-09-07 13:37:14   INFO WeiXinDataSpider:115 -----第--6--条数据----
2017-09-07 13:37:14   INFO WeiXinDataSpider:115 -----第--7--条数据----
2017-09-07 13:37:16   INFO WeiXinDataSpider:115 -----第--8--条数据----
2017-09-07 13:37:16   INFO WeiXinDataSpider:115 -----第--9--条数据----
2017-09-07 13:37:18   INFO WeiXinDataSpider:115 -----第--10--条数据----
2017-09-07 13:37:18   INFO WeiXinDataSpider:93 ---WeiXinDataSpider--第--9--页数据----
2017-09-07 13:37:18   INFO WeiXinDataSpider:115 -----第--1--条数据----
2017-09-07 13:37:20   INFO WeiXinDataSpider:115 -----第--2--条数据----
2017-09-07 13:37:20   INFO WeiXinDataSpider:115 -----第--3--条数据----
2017-09-07 13:37:22   INFO WeiXinDataSpider:115 -----第--4--条数据----
2017-09-07 13:37:22   INFO WeiXinDataSpider:115 -----第--5--条数据----
2017-09-07 13:37:24   INFO WeiXinDataSpider:115 -----第--6--条数据----
2017-09-07 13:37:25   INFO WeiXinDataSpider:115 -----第--7--条数据----
2017-09-07 13:37:27   INFO WeiXinDataSpider:115 -----第--8--条数据----
2017-09-07 13:37:27   INFO WeiXinDataSpider:115 -----第--9--条数据----
2017-09-07 13:37:29   INFO WeiXinDataSpider:115 -----第--10--条数据----
2017-09-07 13:37:29   INFO WeiXinDataSpider:93 ---WeiXinDataSpider--第--10--页数据----
2017-09-07 13:37:33   INFO WeiXinDataSpider:115 -----第--1--条数据----
2017-09-07 13:37:35   INFO WeiXinDataSpider:115 -----第--2--条数据----
2017-09-07 13:37:35   INFO WeiXinDataSpider:115 -----第--3--条数据----
2017-09-07 13:37:37   INFO WeiXinDataSpider:115 -----第--4--条数据----
2017-09-07 13:37:37   INFO WeiXinDataSpider:115 -----第--5--条数据----
2017-09-07 13:37:39   INFO WeiXinDataSpider:115 -----第--6--条数据----
2017-09-07 13:37:39   INFO WeiXinDataSpider:115 -----第--7--条数据----
2017-09-07 13:37:41   INFO WeiXinDataSpider:115 -----第--8--条数据----
2017-09-07 13:37:41   INFO WeiXinDataSpider:115 -----第--9--条数据----
2017-09-07 13:37:44   INFO WeiXinDataSpider:115 -----第--10--条数据----
2017-09-07 13:37:44   INFO WeiXinDataSpider:206 --------mnsy04------
2017-09-07 13:37:44   INFO WeiXinDataSpider:93 ---WeiXinDataSpider--第--1--页数据----
2017-09-07 13:37:44   INFO WeiXinDataSpider:115 -----第--1--条数据----
2017-09-07 13:37:46   INFO WeiXinDataSpider:115 -----第--2--条数据----
2017-09-07 13:37:46   INFO WeiXinDataSpider:115 -----第--3--条数据----
2017-09-07 13:37:48   INFO WeiXinDataSpider:115 -----第--4--条数据----
2017-09-07 13:37:48   INFO WeiXinDataSpider:115 -----第--5--条数据----
2017-09-07 13:37:50   INFO WeiXinDataSpider:115 -----第--6--条数据----
2017-09-07 13:37:50   INFO WeiXinDataSpider:115 -----第--7--条数据----
2017-09-07 13:38:35   INFO WeiXinDataSpider:115 -----第--8--条数据----
2017-09-07 13:38:36   INFO WeiXinDataSpider:115 -----第--9--条数据----
2017-09-07 13:38:38   INFO WeiXinDataSpider:115 -----第--10--条数据----
2017-09-07 13:38:38   INFO WeiXinDataSpider:93 ---WeiXinDataSpider--第--2--页数据----
2017-09-07 13:38:42   INFO WeiXinDataSpider:115 -----第--1--条数据----
2017-09-07 13:38:44   INFO WeiXinDataSpider:115 -----第--2--条数据----
2017-09-07 13:38:44   INFO WeiXinDataSpider:115 -----第--3--条数据----
2017-09-07 13:38:46   INFO WeiXinDataSpider:115 -----第--4--条数据----
2017-09-07 13:39:27   INFO WeiXinDataSpider:115 -----第--5--条数据----
2017-09-07 13:39:29   INFO WeiXinDataSpider:115 -----第--6--条数据----
2017-09-07 13:40:06   INFO WeiXinDataSpider:115 -----第--7--条数据----
2017-09-07 13:40:08   INFO WeiXinDataSpider:115 -----第--8--条数据----
2017-09-07 13:40:09   INFO WeiXinDataSpider:115 -----第--9--条数据----
2017-09-07 13:40:11   INFO WeiXinDataSpider:115 -----第--10--条数据----
2017-09-07 13:40:11   INFO WeiXinDataSpider:93 ---WeiXinDataSpider--第--3--页数据----
2017-09-07 13:40:11   INFO WeiXinDataSpider:115 -----第--1--条数据----
2017-09-07 13:40:13   INFO WeiXinDataSpider:115 -----第--2--条数据----
2017-09-07 13:40:13   INFO WeiXinDataSpider:115 -----第--3--条数据----
2017-09-07 13:40:15   INFO WeiXinDataSpider:115 -----第--4--条数据----
2017-09-07 13:40:15   INFO WeiXinDataSpider:115 -----第--5--条数据----
2017-09-07 13:40:17   INFO WeiXinDataSpider:115 -----第--6--条数据----
2017-09-07 13:40:17   INFO WeiXinDataSpider:115 -----第--7--条数据----
2017-09-07 13:40:19   INFO WeiXinDataSpider:115 -----第--8--条数据----
2017-09-07 13:40:19   INFO WeiXinDataSpider:115 -----第--9--条数据----
2017-09-07 13:40:22   INFO WeiXinDataSpider:115 -----第--10--条数据----
2017-09-07 13:40:22   INFO WeiXinDataSpider:93 ---WeiXinDataSpider--第--4--页数据----
2017-09-07 13:40:26   INFO WeiXinDataSpider:115 -----第--1--条数据----
2017-09-07 13:40:28   INFO WeiXinDataSpider:115 -----第--2--条数据----
2017-09-07 13:40:28   INFO WeiXinDataSpider:115 -----第--3--条数据----
2017-09-07 13:40:30   INFO WeiXinDataSpider:115 -----第--4--条数据----
2017-09-07 13:40:30   INFO WeiXinDataSpider:115 -----第--5--条数据----
2017-09-07 13:40:32   INFO WeiXinDataSpider:115 -----第--6--条数据----
2017-09-07 13:40:33   INFO WeiXinDataSpider:115 -----第--7--条数据----
2017-09-07 13:40:35   INFO WeiXinDataSpider:115 -----第--8--条数据----
2017-09-07 13:40:35   INFO WeiXinDataSpider:115 -----第--9--条数据----
2017-09-07 13:40:37   INFO WeiXinDataSpider:115 -----第--10--条数据----
2017-09-07 13:40:37   INFO WeiXinDataSpider:93 ---WeiXinDataSpider--第--5--页数据----
2017-09-07 13:40:37   INFO WeiXinDataSpider:115 -----第--1--条数据----
2017-09-07 13:40:39   INFO WeiXinDataSpider:115 -----第--2--条数据----
2017-09-07 13:40:39   INFO WeiXinDataSpider:115 -----第--3--条数据----
2017-09-07 13:40:42   INFO WeiXinDataSpider:115 -----第--4--条数据----
2017-09-07 13:40:42   INFO WeiXinDataSpider:115 -----第--5--条数据----
2017-09-07 13:40:44   INFO WeiXinDataSpider:115 -----第--6--条数据----
2017-09-07 13:40:44   INFO WeiXinDataSpider:115 -----第--7--条数据----
2017-09-07 13:40:46   INFO WeiXinDataSpider:115 -----第--8--条数据----
2017-09-07 13:40:46   INFO WeiXinDataSpider:115 -----第--9--条数据----
2017-09-07 13:40:48   INFO WeiXinDataSpider:115 -----第--10--条数据----
2017-09-07 13:40:48   INFO WeiXinDataSpider:206 --------yfyy68------
2017-09-07 13:40:49   INFO WeiXinDataSpider:93 ---WeiXinDataSpider--第--1--页数据----
2017-09-07 13:40:49   INFO WeiXinDataSpider:115 -----第--1--条数据----
2017-09-07 13:40:51   INFO WeiXinDataSpider:115 -----第--2--条数据----
2017-09-07 13:40:51   INFO WeiXinDataSpider:115 -----第--3--条数据----
2017-09-07 13:40:53   INFO WeiXinDataSpider:115 -----第--4--条数据----
2017-09-07 13:40:53   INFO WeiXinDataSpider:115 -----第--5--条数据----
2017-09-07 13:40:55   INFO WeiXinDataSpider:115 -----第--6--条数据----
2017-09-07 13:40:55   INFO WeiXinDataSpider:115 -----第--7--条数据----
2017-09-07 13:40:57   INFO WeiXinDataSpider:115 -----第--8--条数据----
2017-09-07 13:40:58   INFO WeiXinDataSpider:115 -----第--9--条数据----
2017-09-07 13:41:00   INFO WeiXinDataSpider:115 -----第--10--条数据----
2017-09-07 13:41:00   INFO WeiXinDataSpider:93 ---WeiXinDataSpider--第--2--页数据----
2017-09-07 13:41:04   INFO WeiXinDataSpider:115 -----第--1--条数据----
2017-09-07 13:41:06   INFO WeiXinDataSpider:115 -----第--2--条数据----
2017-09-07 13:41:06   INFO WeiXinDataSpider:115 -----第--3--条数据----
2017-09-07 13:41:08   INFO WeiXinDataSpider:115 -----第--4--条数据----
2017-09-07 13:41:08   INFO WeiXinDataSpider:115 -----第--5--条数据----
2017-09-07 13:41:10   INFO WeiXinDataSpider:115 -----第--6--条数据----
2017-09-07 13:41:10   INFO WeiXinDataSpider:115 -----第--7--条数据----
2017-09-07 13:41:12   INFO WeiXinDataSpider:115 -----第--8--条数据----
2017-09-07 13:41:13   INFO WeiXinDataSpider:115 -----第--9--条数据----
2017-09-07 13:41:15   INFO WeiXinDataSpider:115 -----第--10--条数据----
2017-09-07 13:41:15   INFO WeiXinDataSpider:93 ---WeiXinDataSpider--第--3--页数据----
2017-09-07 13:41:15   INFO WeiXinDataSpider:115 -----第--1--条数据----
2017-09-07 13:41:17   INFO WeiXinDataSpider:115 -----第--2--条数据----
2017-09-07 13:41:17   INFO WeiXinDataSpider:115 -----第--3--条数据----
2017-09-07 13:41:19   INFO WeiXinDataSpider:115 -----第--4--条数据----
2017-09-07 13:41:19   INFO WeiXinDataSpider:115 -----第--5--条数据----
2017-09-07 13:41:21   INFO WeiXinDataSpider:115 -----第--6--条数据----
2017-09-07 13:41:22   INFO WeiXinDataSpider:115 -----第--7--条数据----
2017-09-07 13:41:24   INFO WeiXinDataSpider:115 -----第--8--条数据----
2017-09-07 13:41:24   INFO WeiXinDataSpider:115 -----第--9--条数据----
2017-09-07 13:41:26   INFO WeiXinDataSpider:115 -----第--10--条数据----
2017-09-07 13:41:26   INFO WeiXinDataSpider:93 ---WeiXinDataSpider--第--4--页数据----
2017-09-07 13:41:30   INFO WeiXinDataSpider:115 -----第--1--条数据----
2017-09-07 13:41:32   INFO WeiXinDataSpider:115 -----第--2--条数据----
2017-09-07 13:41:32   INFO WeiXinDataSpider:115 -----第--3--条数据----
2017-09-07 13:41:34   INFO WeiXinDataSpider:115 -----第--4--条数据----
2017-09-07 13:41:34   INFO WeiXinDataSpider:115 -----第--5--条数据----
2017-09-07 13:41:37   INFO WeiXinDataSpider:115 -----第--6--条数据----
2017-09-07 13:41:37   INFO WeiXinDataSpider:115 -----第--7--条数据----
2017-09-07 13:41:39   INFO WeiXinDataSpider:115 -----第--8--条数据----
2017-09-07 13:41:39   INFO WeiXinDataSpider:115 -----第--9--条数据----
2017-09-07 13:41:41   INFO WeiXinDataSpider:115 -----第--10--条数据----
2017-09-07 13:41:41   INFO WeiXinDataSpider:93 ---WeiXinDataSpider--第--5--页数据----
2017-09-07 13:41:41   INFO WeiXinDataSpider:115 -----第--1--条数据----
2017-09-07 13:41:43   INFO WeiXinDataSpider:115 -----第--2--条数据----
2017-09-07 13:41:43   INFO WeiXinDataSpider:115 -----第--3--条数据----
2017-09-07 13:41:46   INFO WeiXinDataSpider:115 -----第--4--条数据----
2017-09-07 13:41:46   INFO WeiXinDataSpider:115 -----第--5--条数据----
2017-09-07 13:41:48   INFO WeiXinDataSpider:115 -----第--6--条数据----
2017-09-07 13:41:48   INFO WeiXinDataSpider:115 -----第--7--条数据----
2017-09-07 13:41:50   INFO WeiXinDataSpider:115 -----第--8--条数据----
2017-09-07 13:41:50   INFO WeiXinDataSpider:115 -----第--9--条数据----
2017-09-07 13:41:53   INFO WeiXinDataSpider:115 -----第--10--条数据----
2017-09-07 13:41:53   INFO WeiXinDataSpider:93 ---WeiXinDataSpider--第--6--页数据----
2017-09-07 13:41:57   INFO WeiXinDataSpider:115 -----第--1--条数据----
2017-09-07 13:41:59   INFO WeiXinDataSpider:115 -----第--2--条数据----
2017-09-07 13:41:59   INFO WeiXinDataSpider:115 -----第--3--条数据----
2017-09-07 13:42:02   INFO WeiXinDataSpider:115 -----第--4--条数据----
2017-09-07 13:42:02   INFO WeiXinDataSpider:115 -----第--5--条数据----
2017-09-07 13:42:04   INFO WeiXinDataSpider:115 -----第--6--条数据----
2017-09-07 13:42:04   INFO WeiXinDataSpider:115 -----第--7--条数据----
2017-09-07 13:42:06   INFO WeiXinDataSpider:115 -----第--8--条数据----
2017-09-07 13:42:06   INFO WeiXinDataSpider:115 -----第--9--条数据----
2017-09-07 13:42:27   INFO WeiXinDataSpider:115 -----第--10--条数据----
2017-09-07 13:42:38   INFO WeiXinDataSpider:206 --------t123cc------
2017-09-07 13:42:38   INFO WeiXinDataSpider:93 ---WeiXinDataSpider--第--1--页数据----
2017-09-07 13:42:38   INFO WeiXinDataSpider:115 -----第--1--条数据----
2017-09-07 13:42:40   INFO WeiXinDataSpider:115 -----第--2--条数据----
2017-09-07 13:42:40   INFO WeiXinDataSpider:115 -----第--3--条数据----
2017-09-07 13:42:42   INFO WeiXinDataSpider:115 -----第--4--条数据----
2017-09-07 13:42:42   INFO WeiXinDataSpider:115 -----第--5--条数据----
2017-09-07 13:42:44   INFO WeiXinDataSpider:115 -----第--6--条数据----
2017-09-07 13:42:44   INFO WeiXinDataSpider:115 -----第--7--条数据----
2017-09-07 13:42:46   INFO WeiXinDataSpider:115 -----第--8--条数据----
2017-09-07 13:42:46   INFO WeiXinDataSpider:115 -----第--9--条数据----
2017-09-07 13:42:48   INFO WeiXinDataSpider:115 -----第--10--条数据----
2017-09-07 13:43:03   INFO WeiXinDataSpider:93 ---WeiXinDataSpider--第--2--页数据----
2017-09-07 13:43:08   INFO WeiXinDataSpider:115 -----第--1--条数据----
2017-09-07 13:43:41   INFO WeiXinDataSpider:115 -----第--2--条数据----
2017-09-07 13:43:41   INFO WeiXinDataSpider:115 -----第--3--条数据----
2017-09-07 13:43:43   INFO WeiXinDataSpider:115 -----第--4--条数据----
2017-09-07 13:43:43   INFO WeiXinDataSpider:115 -----第--5--条数据----
2017-09-07 13:43:45   INFO WeiXinDataSpider:115 -----第--6--条数据----
2017-09-07 13:43:45   INFO WeiXinDataSpider:115 -----第--7--条数据----
2017-09-07 13:43:47   INFO WeiXinDataSpider:115 -----第--8--条数据----
2017-09-07 13:44:04   INFO WeiXinDataSpider:115 -----第--9--条数据----
2017-09-07 13:44:06   INFO WeiXinDataSpider:115 -----第--10--条数据----
2017-09-07 13:44:06   INFO WeiXinDataSpider:93 ---WeiXinDataSpider--第--3--页数据----
2017-09-07 13:44:06   INFO WeiXinDataSpider:115 -----第--1--条数据----
2017-09-07 13:44:09   INFO WeiXinDataSpider:115 -----第--2--条数据----
2017-09-07 13:44:09   INFO WeiXinDataSpider:115 -----第--3--条数据----
2017-09-07 13:44:11   INFO WeiXinDataSpider:115 -----第--4--条数据----
2017-09-07 13:44:11   INFO WeiXinDataSpider:115 -----第--5--条数据----
2017-09-07 13:44:13   INFO WeiXinDataSpider:115 -----第--6--条数据----
2017-09-07 13:44:13   INFO WeiXinDataSpider:115 -----第--7--条数据----
2017-09-07 13:44:15   INFO WeiXinDataSpider:115 -----第--8--条数据----
2017-09-07 13:44:15   INFO WeiXinDataSpider:115 -----第--9--条数据----
2017-09-07 13:44:17   INFO WeiXinDataSpider:115 -----第--10--条数据----
2017-09-07 13:44:17   INFO WeiXinDataSpider:93 ---WeiXinDataSpider--第--4--页数据----
2017-09-07 13:44:22   INFO WeiXinDataSpider:115 -----第--1--条数据----
2017-09-07 13:44:24   INFO WeiXinDataSpider:115 -----第--2--条数据----
2017-09-07 13:44:24   INFO WeiXinDataSpider:115 -----第--3--条数据----
2017-09-07 13:44:26   INFO WeiXinDataSpider:115 -----第--4--条数据----
2017-09-07 13:44:26   INFO WeiXinDataSpider:115 -----第--5--条数据----
2017-09-07 13:44:28   INFO WeiXinDataSpider:115 -----第--6--条数据----
2017-09-07 13:44:28   INFO WeiXinDataSpider:115 -----第--7--条数据----
2017-09-07 13:44:30   INFO WeiXinDataSpider:115 -----第--8--条数据----
2017-09-07 13:44:30   INFO WeiXinDataSpider:115 -----第--9--条数据----
2017-09-07 13:44:57   INFO WeiXinDataSpider:115 -----第--10--条数据----
2017-09-07 13:44:57   INFO WeiXinDataSpider:93 ---WeiXinDataSpider--第--5--页数据----
2017-09-07 13:44:57   INFO WeiXinDataSpider:115 -----第--1--条数据----
2017-09-07 13:45:36   INFO WeiXinDataSpider:115 -----第--2--条数据----
2017-09-07 13:46:03   INFO WeiXinDataSpider:115 -----第--3--条数据----
2017-09-07 13:46:40   INFO WeiXinDataSpider:115 -----第--4--条数据----
2017-09-07 13:47:09   INFO WeiXinDataSpider:115 -----第--5--条数据----
2017-09-07 13:47:37   INFO WeiXinDataSpider:115 -----第--6--条数据----
2017-09-07 13:47:59   INFO WeiXinDataSpider:115 -----第--7--条数据----
2017-09-07 13:48:39   INFO WeiXinDataSpider:115 -----第--8--条数据----
2017-09-07 13:49:10   INFO WeiXinDataSpider:115 -----第--9--条数据----
2017-09-07 13:49:37   INFO WeiXinDataSpider:115 -----第--10--条数据----
2017-09-07 13:50:19   INFO WeiXinDataSpider:93 ---WeiXinDataSpider--第--6--页数据----
2017-09-07 13:50:23   INFO WeiXinDataSpider:115 -----第--1--条数据----
2017-09-07 13:51:07   INFO WeiXinDataSpider:115 -----第--2--条数据----
2017-09-07 13:51:56   INFO WeiXinDataSpider:115 -----第--3--条数据----
2017-09-07 13:52:34   INFO WeiXinDataSpider:115 -----第--4--条数据----
2017-09-07 13:53:05   INFO WeiXinDataSpider:115 -----第--5--条数据----
2017-09-07 13:53:50   INFO WeiXinDataSpider:115 -----第--6--条数据----
2017-09-07 13:54:12   INFO WeiXinDataSpider:115 -----第--7--条数据----
2017-09-07 13:54:48   INFO WeiXinDataSpider:115 -----第--8--条数据----
2017-09-07 13:55:19   INFO WeiXinDataSpider:115 -----第--9--条数据----
2017-09-07 13:55:55   INFO WeiXinDataSpider:115 -----第--10--条数据----
2017-09-07 13:56:33   INFO WeiXinDataSpider:93 ---WeiXinDataSpider--第--7--页数据----
2017-09-07 13:56:33   INFO WeiXinDataSpider:115 -----第--1--条数据----
2017-09-07 13:56:35   INFO WeiXinDataSpider:115 -----第--2--条数据----
2017-09-07 13:56:56   INFO WeiXinDataSpider:115 -----第--3--条数据----
2017-09-07 13:57:15   INFO WeiXinDataSpider:115 -----第--4--条数据----
2017-09-07 13:57:45   INFO WeiXinDataSpider:115 -----第--5--条数据----
2017-09-07 13:57:47   INFO WeiXinDataSpider:115 -----第--6--条数据----
2017-09-07 13:58:06   INFO WeiXinDataSpider:115 -----第--7--条数据----
2017-09-07 13:58:42   INFO WeiXinDataSpider:115 -----第--8--条数据----
2017-09-07 13:59:25   INFO WeiXinDataSpider:115 -----第--9--条数据----
2017-09-07 14:00:07   INFO WeiXinDataSpider:115 -----第--10--条数据----
2017-09-07 14:00:23   INFO WeiXinDataSpider:93 ---WeiXinDataSpider--第--8--页数据----
2017-09-07 14:00:28   INFO WeiXinDataSpider:115 -----第--1--条数据----
2017-09-07 14:01:12   INFO WeiXinDataSpider:115 -----第--2--条数据----
2017-09-07 14:01:29   INFO WeiXinDataSpider:115 -----第--3--条数据----
2017-09-07 14:02:24   INFO WeiXinDataSpider:115 -----第--4--条数据----
2017-09-07 14:02:49   INFO WeiXinDataSpider:115 -----第--5--条数据----
2017-09-07 14:03:41   INFO WeiXinDataSpider:115 -----第--6--条数据----
2017-09-07 14:04:04   INFO WeiXinDataSpider:115 -----第--7--条数据----
2017-09-07 14:04:45   INFO WeiXinDataSpider:115 -----第--8--条数据----
2017-09-07 14:05:23   INFO WeiXinDataSpider:115 -----第--9--条数据----
2017-09-07 14:06:08   INFO WeiXinDataSpider:115 -----第--10--条数据----
2017-09-07 14:06:29   INFO WeiXinDataSpider:93 ---WeiXinDataSpider--第--9--页数据----
2017-09-07 14:06:30   INFO WeiXinDataSpider:115 -----第--1--条数据----
2017-09-07 14:07:11   INFO WeiXinDataSpider:115 -----第--2--条数据----
2017-09-07 14:07:59   INFO WeiXinDataSpider:115 -----第--3--条数据----
2017-09-07 14:08:19   INFO WeiXinDataSpider:115 -----第--4--条数据----
2017-09-07 14:08:47   INFO WeiXinDataSpider:115 -----第--5--条数据----
2017-09-07 14:09:16   INFO WeiXinDataSpider:115 -----第--6--条数据----
2017-09-07 14:09:41   INFO WeiXinDataSpider:115 -----第--7--条数据----
2017-09-07 14:10:26   INFO WeiXinDataSpider:115 -----第--8--条数据----
2017-09-07 14:10:26   INFO WeiXinDataSpider:115 -----第--9--条数据----
2017-09-07 14:11:04   INFO WeiXinDataSpider:115 -----第--10--条数据----
2017-09-07 14:11:43   INFO WeiXinDataSpider:93 ---WeiXinDataSpider--第--10--页数据----
2017-09-07 14:11:47   INFO WeiXinDataSpider:115 -----第--1--条数据----
2017-09-07 14:12:12   INFO WeiXinDataSpider:115 -----第--2--条数据----
2017-09-07 14:13:06   INFO WeiXinDataSpider:115 -----第--3--条数据----
2017-09-07 14:13:26   INFO WeiXinDataSpider:115 -----第--4--条数据----
2017-09-07 14:13:57   INFO WeiXinDataSpider:115 -----第--5--条数据----
2017-09-07 14:14:41   INFO WeiXinDataSpider:115 -----第--6--条数据----
2017-09-07 14:15:02   INFO WeiXinDataSpider:115 -----第--7--条数据----
2017-09-07 14:15:09   INFO WeiXinDataSpider:115 -----第--8--条数据----
2017-09-07 14:15:11   INFO WeiXinDataSpider:115 -----第--9--条数据----
2017-09-07 14:15:13   INFO WeiXinDataSpider:115 -----第--10--条数据----
2017-09-07 14:15:50   INFO WeiXinDataSpider:206 --------myugirls------
2017-09-07 14:15:51   INFO WeiXinDataSpider:93 ---WeiXinDataSpider--第--1--页数据----
2017-09-07 14:15:51   INFO WeiXinDataSpider:115 -----第--1--条数据----
2017-09-07 14:16:17   INFO WeiXinDataSpider:115 -----第--2--条数据----
2017-09-07 14:16:20   INFO WeiXinDataSpider:115 -----第--3--条数据----
2017-09-07 14:16:43   INFO WeiXinDataSpider:115 -----第--4--条数据----
2017-09-07 14:16:59   INFO WeiXinDataSpider:115 -----第--5--条数据----
2017-09-07 14:17:01   INFO WeiXinDataSpider:115 -----第--6--条数据----
2017-09-07 14:17:08   INFO WeiXinDataSpider:115 -----第--7--条数据----
2017-09-07 14:17:36   INFO WeiXinDataSpider:115 -----第--8--条数据----
2017-09-07 14:17:42   INFO WeiXinDataSpider:115 -----第--9--条数据----
2017-09-07 14:18:08   INFO WeiXinDataSpider:115 -----第--10--条数据----
2017-09-07 14:18:10   INFO WeiXinDataSpider:93 ---WeiXinDataSpider--第--2--页数据----
2017-09-07 14:18:15   INFO WeiXinDataSpider:115 -----第--1--条数据----
2017-09-07 14:18:17   INFO WeiXinDataSpider:115 -----第--2--条数据----
2017-09-07 14:18:35   INFO WeiXinDataSpider:115 -----第--3--条数据----
2017-09-07 14:18:37   INFO WeiXinDataSpider:115 -----第--4--条数据----
2017-09-07 14:18:37   INFO WeiXinDataSpider:115 -----第--5--条数据----
2017-09-07 14:18:39   INFO WeiXinDataSpider:115 -----第--6--条数据----
2017-09-07 14:18:43   INFO WeiXinDataSpider:115 -----第--7--条数据----
2017-09-07 14:18:47   INFO WeiXinDataSpider:115 -----第--8--条数据----
2017-09-07 14:18:52   INFO WeiXinDataSpider:115 -----第--9--条数据----
2017-09-07 14:18:56   INFO WeiXinDataSpider:115 -----第--10--条数据----
2017-09-07 14:19:02   INFO WeiXinDataSpider:93 ---WeiXinDataSpider--第--3--页数据----
2017-09-07 14:19:02   INFO WeiXinDataSpider:115 -----第--1--条数据----
2017-09-07 14:19:36   INFO WeiXinDataSpider:115 -----第--2--条数据----
2017-09-07 14:19:47   INFO WeiXinDataSpider:115 -----第--3--条数据----
2017-09-07 14:20:38   INFO WeiXinDataSpider:115 -----第--4--条数据----
2017-09-07 14:20:38   INFO WeiXinDataSpider:115 -----第--5--条数据----
2017-09-07 14:24:04   INFO WeiXinDataSpider:115 -----第--6--条数据----
2017-09-07 14:24:06   INFO WeiXinDataSpider:115 -----第--7--条数据----
2017-09-07 14:24:10   INFO WeiXinDataSpider:115 -----第--8--条数据----
2017-09-07 14:24:10   INFO WeiXinDataSpider:115 -----第--9--条数据----
2017-09-07 14:24:17   INFO WeiXinDataSpider:115 -----第--10--条数据----
2017-09-07 14:24:22   INFO WeiXinDataSpider:93 ---WeiXinDataSpider--第--4--页数据----
2017-09-07 14:24:26   INFO WeiXinDataSpider:115 -----第--1--条数据----
2017-09-07 14:24:29   INFO WeiXinDataSpider:115 -----第--2--条数据----
2017-09-07 14:24:30   INFO WeiXinDataSpider:115 -----第--3--条数据----
2017-09-07 14:24:32   INFO WeiXinDataSpider:115 -----第--4--条数据----
2017-09-07 14:24:33   INFO WeiXinDataSpider:115 -----第--5--条数据----
2017-09-07 14:24:35   INFO WeiXinDataSpider:115 -----第--6--条数据----
2017-09-07 14:24:35   INFO WeiXinDataSpider:115 -----第--7--条数据----
2017-09-07 14:24:37   INFO WeiXinDataSpider:115 -----第--8--条数据----
2017-09-07 14:24:57   INFO WeiXinDataSpider:115 -----第--9--条数据----
2017-09-07 14:25:42   INFO WeiXinDataSpider:115 -----第--10--条数据----
2017-09-07 14:26:49   INFO WeiXinDataSpider:93 ---WeiXinDataSpider--第--5--页数据----
2017-09-07 14:26:49   INFO WeiXinDataSpider:115 -----第--1--条数据----
2017-09-07 14:27:39   INFO WeiXinDataSpider:115 -----第--2--条数据----
2017-09-07 14:27:52   INFO WeiXinDataSpider:115 -----第--3--条数据----
2017-09-07 14:28:24   INFO WeiXinDataSpider:115 -----第--4--条数据----
2017-09-07 14:28:38   INFO WeiXinDataSpider:115 -----第--5--条数据----
2017-09-07 14:28:40   INFO WeiXinDataSpider:115 -----第--6--条数据----
2017-09-07 14:28:45   INFO WeiXinDataSpider:115 -----第--7--条数据----
2017-09-07 14:28:54   INFO WeiXinDataSpider:115 -----第--8--条数据----
2017-09-07 14:28:58   INFO WeiXinDataSpider:115 -----第--9--条数据----
2017-09-07 14:29:14   INFO WeiXinDataSpider:115 -----第--10--条数据----
2017-09-07 14:29:19   INFO WeiXinDataSpider:93 ---WeiXinDataSpider--第--6--页数据----
2017-09-07 14:29:23   INFO WeiXinDataSpider:115 -----第--1--条数据----
2017-09-07 14:29:34   INFO WeiXinDataSpider:115 -----第--2--条数据----
2017-09-07 14:29:43   INFO WeiXinDataSpider:115 -----第--3--条数据----
2017-09-07 14:30:12   INFO WeiXinDataSpider:115 -----第--4--条数据----
2017-09-07 14:30:12   INFO WeiXinDataSpider:115 -----第--5--条数据----
2017-09-07 14:30:14   INFO WeiXinDataSpider:115 -----第--6--条数据----
2017-09-07 14:30:32   INFO WeiXinDataSpider:115 -----第--7--条数据----
2017-09-07 14:33:17   INFO WeiXinDataSpider:115 -----第--8--条数据----
2017-09-07 14:33:34   INFO WeiXinDataSpider:115 -----第--9--条数据----
2017-09-07 14:33:36   INFO WeiXinDataSpider:115 -----第--10--条数据----
2017-09-07 14:33:45   INFO WeiXinDataSpider:93 ---WeiXinDataSpider--第--7--页数据----
2017-09-07 14:33:45   INFO WeiXinDataSpider:115 -----第--1--条数据----
2017-09-07 14:34:35   INFO WeiXinDataSpider:115 -----第--2--条数据----
2017-09-07 14:35:09   INFO WeiXinDataSpider:115 -----第--3--条数据----
2017-09-07 14:35:18   INFO WeiXinDataSpider:115 -----第--4--条数据----
2017-09-07 14:35:34   INFO WeiXinDataSpider:115 -----第--5--条数据----
2017-09-07 14:36:12   INFO WeiXinDataSpider:115 -----第--6--条数据----
2017-09-07 14:36:17   INFO WeiXinDataSpider:115 -----第--7--条数据----
2017-09-07 14:36:19   INFO WeiXinDataSpider:115 -----第--8--条数据----
2017-09-07 14:36:23   INFO WeiXinDataSpider:115 -----第--9--条数据----
2017-09-07 14:36:28   INFO WeiXinDataSpider:115 -----第--10--条数据----
2017-09-07 14:36:35   INFO WeiXinDataSpider:93 ---WeiXinDataSpider--第--8--页数据----
2017-09-07 14:36:39   INFO WeiXinDataSpider:115 -----第--1--条数据----
2017-09-07 14:36:41   INFO WeiXinDataSpider:115 -----第--2--条数据----
2017-09-07 14:36:41   INFO WeiXinDataSpider:115 -----第--3--条数据----
2017-09-07 14:36:56   INFO WeiXinDataSpider:115 -----第--4--条数据----
2017-09-07 14:37:13   INFO WeiXinDataSpider:115 -----第--5--条数据----
2017-09-07 14:37:36   INFO WeiXinDataSpider:115 -----第--6--条数据----
2017-09-07 14:37:42   INFO WeiXinDataSpider:115 -----第--7--条数据----
2017-09-07 14:37:44   INFO WeiXinDataSpider:115 -----第--8--条数据----
2017-09-07 14:37:49   INFO WeiXinDataSpider:115 -----第--9--条数据----
2017-09-07 14:37:57   INFO WeiXinDataSpider:115 -----第--10--条数据----
2017-09-07 14:38:02   INFO WeiXinDataSpider:93 ---WeiXinDataSpider--第--9--页数据----
2017-09-07 14:38:02   INFO WeiXinDataSpider:115 -----第--1--条数据----
2017-09-07 14:38:08   INFO WeiXinDataSpider:115 -----第--2--条数据----
2017-09-07 14:38:25   INFO WeiXinDataSpider:115 -----第--3--条数据----
2017-09-07 14:38:37   INFO WeiXinDataSpider:115 -----第--4--条数据----
2017-09-07 14:38:39   INFO WeiXinDataSpider:115 -----第--5--条数据----
2017-09-07 14:39:05   INFO WeiXinDataSpider:115 -----第--6--条数据----
2017-09-07 14:39:16   INFO WeiXinDataSpider:115 -----第--7--条数据----
2017-09-07 14:39:55   INFO WeiXinDataSpider:115 -----第--8--条数据----
2017-09-07 14:40:10   INFO WeiXinDataSpider:115 -----第--9--条数据----
2017-09-07 14:40:21   INFO WeiXinDataSpider:115 -----第--10--条数据----
2017-09-07 14:40:26   INFO WeiXinDataSpider:93 ---WeiXinDataSpider--第--10--页数据----
2017-09-07 14:40:30   INFO WeiXinDataSpider:115 -----第--1--条数据----
2017-09-07 14:40:45   INFO WeiXinDataSpider:115 -----第--2--条数据----
2017-09-07 14:41:07   INFO WeiXinDataSpider:115 -----第--3--条数据----
2017-09-07 14:41:09   INFO WeiXinDataSpider:115 -----第--4--条数据----
2017-09-07 14:41:14   INFO WeiXinDataSpider:115 -----第--5--条数据----
2017-09-07 14:41:20   INFO WeiXinDataSpider:115 -----第--6--条数据----
2017-09-07 14:41:33   INFO WeiXinDataSpider:115 -----第--7--条数据----
2017-09-07 14:42:05   INFO WeiXinDataSpider:115 -----第--8--条数据----
2017-09-07 14:42:05   INFO WeiXinDataSpider:115 -----第--9--条数据----
2017-09-07 14:42:09   INFO WeiXinDataSpider:115 -----第--10--条数据----
2017-09-07 14:42:24   INFO WeiXinDataSpider:206 --------ns8765432------
2017-09-07 14:42:24   INFO WeiXinDataSpider:93 ---WeiXinDataSpider--第--1--页数据----
2017-09-07 14:42:25   INFO WeiXinDataSpider:115 -----第--1--条数据----
2017-09-07 14:42:27   INFO WeiXinDataSpider:115 -----第--2--条数据----
2017-09-07 14:42:27   INFO WeiXinDataSpider:115 -----第--3--条数据----
2017-09-07 14:42:29   INFO WeiXinDataSpider:115 -----第--4--条数据----
2017-09-07 14:42:29   INFO WeiXinDataSpider:115 -----第--5--条数据----
2017-09-07 14:42:32   INFO WeiXinDataSpider:115 -----第--6--条数据----
2017-09-07 14:42:32   INFO WeiXinDataSpider:115 -----第--7--条数据----
2017-09-07 14:42:34   INFO WeiXinDataSpider:115 -----第--8--条数据----
2017-09-07 14:42:34   INFO WeiXinDataSpider:115 -----第--9--条数据----
2017-09-07 14:42:36   INFO WeiXinDataSpider:115 -----第--10--条数据----
2017-09-07 14:42:36   INFO WeiXinDataSpider:93 ---WeiXinDataSpider--第--2--页数据----
2017-09-07 14:42:40   INFO WeiXinDataSpider:115 -----第--1--条数据----
2017-09-07 14:42:42   INFO WeiXinDataSpider:115 -----第--2--条数据----
2017-09-07 14:42:42   INFO WeiXinDataSpider:115 -----第--3--条数据----
2017-09-07 14:42:44   INFO WeiXinDataSpider:115 -----第--4--条数据----
2017-09-07 14:42:44   INFO WeiXinDataSpider:115 -----第--5--条数据----
2017-09-07 14:42:46   INFO WeiXinDataSpider:115 -----第--6--条数据----
2017-09-07 14:42:47   INFO WeiXinDataSpider:115 -----第--7--条数据----
2017-09-07 14:42:49   INFO WeiXinDataSpider:115 -----第--8--条数据----
2017-09-07 14:42:49   INFO WeiXinDataSpider:115 -----第--9--条数据----
2017-09-07 14:42:51   INFO WeiXinDataSpider:115 -----第--10--条数据----
2017-09-07 14:42:51   INFO WeiXinDataSpider:93 ---WeiXinDataSpider--第--3--页数据----
2017-09-07 14:42:51   INFO WeiXinDataSpider:115 -----第--1--条数据----
2017-09-07 14:42:53   INFO WeiXinDataSpider:115 -----第--2--条数据----
2017-09-07 14:42:54   INFO WeiXinDataSpider:115 -----第--3--条数据----
2017-09-07 14:42:56   INFO WeiXinDataSpider:115 -----第--4--条数据----
2017-09-07 14:42:56   INFO WeiXinDataSpider:115 -----第--5--条数据----
2017-09-07 14:42:58   INFO WeiXinDataSpider:115 -----第--6--条数据----
2017-09-07 14:43:01   INFO WeiXinDataSpider:115 -----第--7--条数据----
2017-09-07 14:43:03   INFO WeiXinDataSpider:115 -----第--8--条数据----
2017-09-07 14:43:03   INFO WeiXinDataSpider:115 -----第--9--条数据----
2017-09-07 14:43:05   INFO WeiXinDataSpider:115 -----第--10--条数据----
2017-09-07 14:43:05   INFO WeiXinDataSpider:93 ---WeiXinDataSpider--第--4--页数据----
2017-09-07 14:43:09   INFO WeiXinDataSpider:115 -----第--1--条数据----
2017-09-07 14:43:12   INFO WeiXinDataSpider:115 -----第--2--条数据----
2017-09-07 14:43:12   INFO WeiXinDataSpider:115 -----第--3--条数据----
2017-09-07 14:43:14   INFO WeiXinDataSpider:115 -----第--4--条数据----
2017-09-07 14:43:14   INFO WeiXinDataSpider:115 -----第--5--条数据----
2017-09-07 14:43:16   INFO WeiXinDataSpider:115 -----第--6--条数据----
2017-09-07 14:43:16   INFO WeiXinDataSpider:115 -----第--7--条数据----
2017-09-07 14:43:18   INFO WeiXinDataSpider:115 -----第--8--条数据----
2017-09-07 14:43:18   INFO WeiXinDataSpider:115 -----第--9--条数据----
2017-09-07 14:43:20   INFO WeiXinDataSpider:115 -----第--10--条数据----
2017-09-07 14:43:20   INFO WeiXinDataSpider:93 ---WeiXinDataSpider--第--5--页数据----
2017-09-07 14:43:20   INFO WeiXinDataSpider:115 -----第--1--条数据----
2017-09-07 14:43:23   INFO WeiXinDataSpider:115 -----第--2--条数据----
2017-09-07 14:43:23   INFO WeiXinDataSpider:115 -----第--3--条数据----
2017-09-07 14:43:25   INFO WeiXinDataSpider:115 -----第--4--条数据----
2017-09-07 14:43:25   INFO WeiXinDataSpider:115 -----第--5--条数据----
2017-09-07 14:43:27   INFO WeiXinDataSpider:115 -----第--6--条数据----
2017-09-07 14:43:27   INFO WeiXinDataSpider:115 -----第--7--条数据----
2017-09-07 14:43:29   INFO WeiXinDataSpider:115 -----第--8--条数据----
2017-09-07 14:43:29   INFO WeiXinDataSpider:115 -----第--9--条数据----
2017-09-07 14:43:31   INFO WeiXinDataSpider:115 -----第--10--条数据----
2017-09-07 14:43:31   INFO WeiXinDataSpider:93 ---WeiXinDataSpider--第--6--页数据----
2017-09-07 14:43:35   INFO WeiXinDataSpider:115 -----第--1--条数据----
2017-09-07 14:43:37   INFO WeiXinDataSpider:115 -----第--2--条数据----
2017-09-07 14:43:37   INFO WeiXinDataSpider:115 -----第--3--条数据----
2017-09-07 14:43:39   INFO WeiXinDataSpider:115 -----第--4--条数据----
2017-09-07 14:43:39   INFO WeiXinDataSpider:115 -----第--5--条数据----
2017-09-07 14:43:42   INFO WeiXinDataSpider:115 -----第--6--条数据----
2017-09-07 14:43:42   INFO WeiXinDataSpider:115 -----第--7--条数据----
2017-09-07 14:43:44   INFO WeiXinDataSpider:115 -----第--8--条数据----
2017-09-07 14:43:44   INFO WeiXinDataSpider:115 -----第--9--条数据----
2017-09-07 14:43:46   INFO WeiXinDataSpider:115 -----第--10--条数据----
2017-09-07 14:43:46   INFO WeiXinDataSpider:93 ---WeiXinDataSpider--第--7--页数据----
2017-09-07 14:43:46   INFO WeiXinDataSpider:115 -----第--1--条数据----
2017-09-07 14:43:48   INFO WeiXinDataSpider:115 -----第--2--条数据----
2017-09-07 14:43:48   INFO WeiXinDataSpider:115 -----第--3--条数据----
2017-09-07 14:43:50   INFO WeiXinDataSpider:115 -----第--4--条数据----
2017-09-07 14:43:50   INFO WeiXinDataSpider:115 -----第--5--条数据----
2017-09-07 14:43:52   INFO WeiXinDataSpider:115 -----第--6--条数据----
2017-09-07 14:43:53   INFO WeiXinDataSpider:115 -----第--7--条数据----
2017-09-07 14:43:55   INFO WeiXinDataSpider:115 -----第--8--条数据----
2017-09-07 14:43:55   INFO WeiXinDataSpider:115 -----第--9--条数据----
2017-09-07 14:43:57   INFO WeiXinDataSpider:115 -----第--10--条数据----
2017-09-07 14:43:57   INFO WeiXinDataSpider:93 ---WeiXinDataSpider--第--8--页数据----
2017-09-07 14:44:01   INFO WeiXinDataSpider:115 -----第--1--条数据----
2017-09-07 14:44:03   INFO WeiXinDataSpider:115 -----第--2--条数据----
2017-09-07 14:44:03   INFO WeiXinDataSpider:115 -----第--3--条数据----
